e:\visual studio 2013\c++\apm_minitor\apm_minitor\apm_minitor\debug\apm_minitor.pch
e:\visual studio 2013\c++\apm_minitor\apm_minitor\apm_minitor\debug\vc120.pdb
e:\visual studio 2013\c++\apm_minitor\apm_minitor\apm_minitor\debug\vc120.idb
e:\visual studio 2013\c++\apm_minitor\apm_minitor\apm_minitor\debug\stdafx.obj
e:\visual studio 2013\c++\apm_minitor\apm_minitor\apm_minitor\debug\application.obj
e:\visual studio 2013\c++\apm_minitor\apm_minitor\apm_minitor\debug\gprs.obj
e:\visual studio 2013\c++\apm_minitor\apm_minitor\apm_minitor\debug\main_frame.obj
e:\visual studio 2013\c++\apm_minitor\apm_minitor\apm_minitor\debug\socket_client.obj
e:\project\zhu\design\apm_minitor\apm_minitor\apm_minitor\debug\apm_minitor.pch
e:\project\zhu\design\apm_minitor\apm_minitor\apm_minitor\debug\vc120.pdb
e:\project\zhu\design\apm_minitor\apm_minitor\apm_minitor\debug\vc120.idb
e:\project\zhu\design\apm_minitor\apm_minitor\apm_minitor\debug\stdafx.obj
e:\project\zhu\design\apm_minitor\apm_minitor\apm_minitor\debug\application.obj
e:\project\zhu\design\apm_minitor\apm_minitor\apm_minitor\debug\gprs.obj
e:\project\zhu\design\apm_minitor\apm_minitor\apm_minitor\debug\main_frame.obj
e:\project\zhu\design\apm_minitor\apm_minitor\apm_minitor\debug\socket_client.obj
e:\visual studio 2013\c++\apm_minitor\apm_minitor\debug\apm_minitor.ilk
e:\visual studio 2013\c++\apm_minitor\apm_minitor\debug\apm_minitor.exe
e:\visual studio 2013\c++\apm_minitor\apm_minitor\debug\apm_minitor.pdb
e:\project\zhu\design\apm_minitor\apm_minitor\debug\apm_minitor.pdb
e:\project\zhu\design\apm_minitor\apm_minitor\apm_minitor\debug\apm_minitor.tlog\cl.command.1.tlog
e:\project\zhu\design\apm_minitor\apm_minitor\apm_minitor\debug\apm_minitor.tlog\cl.read.1.tlog
e:\project\zhu\design\apm_minitor\apm_minitor\apm_minitor\debug\apm_minitor.tlog\cl.write.1.tlog
e:\project\zhu\design\apm_minitor\apm_minitor\apm_minitor\debug\apm_minitor.tlog\link-cvtres.read.1.tlog
e:\project\zhu\design\apm_minitor\apm_minitor\apm_minitor\debug\apm_minitor.tlog\link-cvtres.write.1.tlog
e:\project\zhu\design\apm_minitor\apm_minitor\apm_minitor\debug\apm_minitor.tlog\link-mt.read.1.tlog
e:\project\zhu\design\apm_minitor\apm_minitor\apm_minitor\debug\apm_minitor.tlog\link-mt.write.1.tlog
e:\project\zhu\design\apm_minitor\apm_minitor\apm_minitor\debug\apm_minitor.tlog\link-rc.read.1.tlog
e:\project\zhu\design\apm_minitor\apm_minitor\apm_minitor\debug\apm_minitor.tlog\link-rc.write.1.tlog
e:\project\zhu\design\apm_minitor\apm_minitor\apm_minitor\debug\apm_minitor.tlog\link.12368-cvtres.read.1.tlog
e:\project\zhu\design\apm_minitor\apm_minitor\apm_minitor\debug\apm_minitor.tlog\link.12368-cvtres.write.1.tlog
e:\project\zhu\design\apm_minitor\apm_minitor\apm_minitor\debug\apm_minitor.tlog\link.12368-mt.read.1.tlog
e:\project\zhu\design\apm_minitor\apm_minitor\apm_minitor\debug\apm_minitor.tlog\link.12368-mt.write.1.tlog
e:\project\zhu\design\apm_minitor\apm_minitor\apm_minitor\debug\apm_minitor.tlog\link.12368-rc.read.1.tlog
e:\project\zhu\design\apm_minitor\apm_minitor\apm_minitor\debug\apm_minitor.tlog\link.12368-rc.write.1.tlog
e:\project\zhu\design\apm_minitor\apm_minitor\apm_minitor\debug\apm_minitor.tlog\link.12368.read.1.tlog
e:\project\zhu\design\apm_minitor\apm_minitor\apm_minitor\debug\apm_minitor.tlog\link.12368.write.1.tlog
e:\project\zhu\design\apm_minitor\apm_minitor\apm_minitor\debug\apm_minitor.tlog\link.command.1.tlog
e:\project\zhu\design\apm_minitor\apm_minitor\apm_minitor\debug\apm_minitor.tlog\link.read.1.tlog
e:\project\zhu\design\apm_minitor\apm_minitor\apm_minitor\debug\apm_minitor.tlog\link.write.1.tlog
